<?xml version="1.0" encoding="UTF-8"?>
<testsuite name="CalculatorTest" tests="5" skipped="0" failures="0" errors="0" timestamp="2021-01-15T23:20:03" hostname="DESKTOP-2LL71S6" time="0.154">
  <properties/>
  <testcase name="endOfDelegationEarlierThanStart" classname="CalculatorTest" time="0.112"/>
  <testcase name="longTimeDelegation" classname="CalculatorTest" time="0.011"/>
  <testcase name="differentTimeZone" classname="CalculatorTest" time="0.01"/>
  <testcase name="sameTimeZone" classname="CalculatorTest" time="0.008"/>
  <testcase name="shortTimeDelegation" classname="CalculatorTest" time="0.01"/>
  <system-out><![CDATA[]]></system-out>
  <system-err><![CDATA[]]></system-err>
</testsuite>
